  Building Custom Rule C:/Users/stach/Documents/GPGPDingo/GPGPU/Dependencies/FreeImage/CMakeLists.txt
  CMake does not need to re-run because C:/Users/stach/Documents/GPGPDingo/GPGPU/build/Dependencies/FreeImage/CMakeFiles/generate.stamp is up-to-date.
  Deprecated.cpp
  DeprecationMgr.cpp
C:\Users\stach\Documents\GPGPDingo\GPGPU\Dependencies\FreeImage\Source\DeprecationManager\DeprecationMgr.cpp(49): warning C4477: 'sprintf' : format string '%i' requires an argument of type 'int', but variadic argument 2 has type 'unsigned __int64'
  C:\Users\stach\Documents\GPGPDingo\GPGPU\Dependencies\FreeImage\Source\DeprecationManager\DeprecationMgr.cpp(49): note: consider using '%zi' in the format string
  BitmapAccess.cpp
  CacheFile.cpp
  ColorLookup.cpp
  Conversion.cpp
  Conversion16_555.cpp
  Conversion16_565.cpp
  Conversion24.cpp
  Conversion32.cpp
  Conversion4.cpp
  Conversion8.cpp
  ConversionRGBF.cpp
  ConversionType.cpp
  FreeImage.cpp
  FreeImageIO.cpp
  GetType.cpp
  Halftoning.cpp
  J2KHelper.cpp
  MemoryIO.cpp
  Generating Code...
  Compiling...
  MultiPage.cpp
  NNQuantizer.cpp
  PSDParser.cpp
C:\Users\stach\Documents\GPGPDingo\GPGPU\Dependencies\FreeImage\Source\FreeImage\PSDParser.cpp(1009): warning C4244: 'initializing': conversion from 'double' to 'float', possible loss of data
C:\Users\stach\Documents\GPGPDingo\GPGPU\Dependencies\FreeImage\Source\FreeImage\PSDParser.cpp(1069): warning C4244: 'initializing': conversion from 'double' to 'float', possible loss of data
  PixelAccess.cpp
  Plugin.cpp
  PluginBMP.cpp
C:\Users\stach\Documents\GPGPDingo\GPGPU\Dependencies\FreeImage\Source\FreeImage\PluginBMP.cpp(1003): warning C4309: 'argument': truncation of constant value
C:\Users\stach\Documents\GPGPDingo\GPGPU\Dependencies\FreeImage\Source\FreeImage\PluginBMP.cpp(1012): warning C4309: 'argument': truncation of constant value
  PluginCUT.cpp
  PluginDDS.cpp
  PluginG3.cpp
  PluginGIF.cpp
C:\Users\stach\Documents\GPGPDingo\GPGPU\Dependencies\FreeImage\Source\FreeImage\PluginGIF.cpp(1021): warning C4477: 'sprintf' : format string '%d' requires an argument of type 'int', but variadic argument 1 has type 'std::size_t'
  C:\Users\stach\Documents\GPGPDingo\GPGPU\Dependencies\FreeImage\Source\FreeImage\PluginGIF.cpp(1021): note: consider using '%zd' in the format string
  PluginHDR.cpp
  PluginICO.cpp
  PluginIFF.cpp
  PluginJ2K.cpp
  PluginJP2.cpp
  PluginJPEG.cpp
  PluginKOALA.cpp
  PluginMNG.cpp
  PluginPCD.cpp
  PluginPCX.cpp
  Generating Code...
  Compiling...
  PluginPFM.cpp
  PluginPICT.cpp
  PluginPNG.cpp
  PluginPNM.cpp
  PluginPSD.cpp
  PluginRAS.cpp
  PluginSGI.cpp
  PluginTARGA.cpp
  PluginTIFF.cpp
  PluginWBMP.cpp
  PluginXBM.cpp
  PluginXPM.cpp
  TIFFLogLuv.cpp
  ToneMapping.cpp
  WuQuantizer.cpp
  ZLibInterface.cpp
  tmoColorConvert.cpp
  tmoDrago03.cpp
  tmoFattal02.cpp
  tmoReinhard05.cpp
  Generating Code...
  Compiling...
  BSplineRotate.cpp
  Background.cpp
  Channels.cpp
  ClassicRotate.cpp
  Colors.cpp
  CopyPaste.cpp
  Display.cpp
  Flip.cpp
  JPEGTransform.cpp
  MultigridPoissonSolver.cpp
  Rescale.cpp
  Resize.cpp
  Exif.cpp
  FIRational.cpp
  FreeImageTag.cpp
  IPTC.cpp
  TagConversion.cpp
  TagLib.cpp
  XTIFF.cpp
  Generating Code...
  jaricom.c
  jcapimin.c
  jcapistd.c
  jcarith.c
  jccoefct.c
  jccolor.c
  jcdctmgr.c
  jchuff.c
  jcinit.c
  jcmainct.c
  jcmarker.c
  jcmaster.c
  jcomapi.c
  jcparam.c
  jcprepct.c
  jcsample.c
  jctrans.c
  jdapimin.c
  jdapistd.c
  jdarith.c
  Generating Code...
  Compiling...
  jdatadst.c
  jdatasrc.c
  jdcoefct.c
  jdcolor.c
  jddctmgr.c
  jdhuff.c
  jdinput.c
  jdmainct.c
  jdmarker.c
  jdmaster.c
  jdmerge.c
  jdpostct.c
  jdsample.c
  jdtrans.c
  jerror.c
  jfdctflt.c
  jfdctfst.c
  jfdctint.c
  jidctflt.c
  jidctfst.c
  Generating Code...
  Compiling...
  jidctint.c
  jmemmgr.c
C:\Users\stach\Documents\GPGPDingo\GPGPU\Dependencies\FreeImage\Source\LibJPEG\jmemmgr.c(306): warning C4267: '+=': conversion from 'size_t' to 'long', possible loss of data
C:\Users\stach\Documents\GPGPDingo\GPGPU\Dependencies\FreeImage\Source\LibJPEG\jmemmgr.c(366): warning C4267: '+=': conversion from 'size_t' to 'long', possible loss of data
C:\Users\stach\Documents\GPGPDingo\GPGPU\Dependencies\FreeImage\Source\LibJPEG\jmemmgr.c(976): warning C4267: '-=': conversion from 'size_t' to 'long', possible loss of data
C:\Users\stach\Documents\GPGPDingo\GPGPU\Dependencies\FreeImage\Source\LibJPEG\jmemmgr.c(990): warning C4267: '-=': conversion from 'size_t' to 'long', possible loss of data
  jmemnobs.c
  jquant1.c
  jquant2.c
  jutils.c
  transupp.c
  libmng_callback_xs.c
  libmng_chunk_descr.c
C:\Users\stach\Documents\GPGPDingo\GPGPU\Dependencies\FreeImage\Source\LibMNG\libmng_chunk_descr.c(346): warning C4267: 'initializing': conversion from 'size_t' to 'mng_uint16', possible loss of data
C:\Users\stach\Documents\GPGPDingo\GPGPU\Dependencies\FreeImage\Source\LibMNG\libmng_chunk_descr.c(350): warning C4267: 'initializing': conversion from 'size_t' to 'mng_uint16', possible loss of data
C:\Users\stach\Documents\GPGPDingo\GPGPU\Dependencies\FreeImage\Source\LibMNG\libmng_chunk_descr.c(354): warning C4267: 'initializing': conversion from 'size_t' to 'mng_uint16', possible loss of data
C:\Users\stach\Documents\GPGPDingo\GPGPU\Dependencies\FreeImage\Source\LibMNG\libmng_chunk_descr.c(358): warning C4267: 'initializing': conversion from 'size_t' to 'mng_uint16', possible loss of data
C:\Users\stach\Documents\GPGPDingo\GPGPU\Dependencies\FreeImage\Source\LibMNG\libmng_chunk_descr.c(4195): warning C4244: '=': conversion from '__int64' to 'mng_uint32', possible loss of data
  libmng_chunk_io.c
  libmng_chunk_prc.c
  libmng_chunk_xs.c
  libmng_cms.c
  libmng_display.c
  libmng_dither.c
  libmng_error.c
  libmng_filter.c
  libmng_hlapi.c
C:\Users\stach\Documents\GPGPDingo\GPGPU\Dependencies\FreeImage\Source\LibMNG\libmng_hlapi.c(579): warning C4267: '=': conversion from 'size_t' to 'mng_uint32', possible loss of data
C:\Users\stach\Documents\GPGPDingo\GPGPU\Dependencies\FreeImage\Source\LibMNG\libmng_hlapi.c(582): warning C4267: '=': conversion from 'size_t' to 'mng_uint32', possible loss of data
  libmng_jpeg.c
  libmng_object_prc.c
  Generating Code...
  Compiling...
  libmng_pixels.c
  libmng_prop_xs.c
  libmng_read.c
  libmng_trace.c
  libmng_write.c
  libmng_zlib.c
  bio.c
C:\Users\stach\Documents\GPGPDingo\GPGPU\Dependencies\FreeImage\Source\LibOpenJPEG\bio.c(129): warning C4244: 'return': conversion from '__int64' to 'int', possible loss of data
  cio.c
C:\Users\stach\Documents\GPGPDingo\GPGPU\Dependencies\FreeImage\Source\LibOpenJPEG\cio.c(100): warning C4244: 'return': conversion from '__int64' to 'int', possible loss of data
C:\Users\stach\Documents\GPGPDingo\GPGPU\Dependencies\FreeImage\Source\LibOpenJPEG\cio.c(116): warning C4244: 'return': conversion from '__int64' to 'int', possible loss of data
  dwt.c
  event.c
C:\Users\stach\Documents\GPGPDingo\GPGPU\Dependencies\FreeImage\Source\LibOpenJPEG\event.c(109): warning C4267: '=': conversion from 'size_t' to 'int', possible loss of data
  image.c
  j2k.c
C:\Users\stach\Documents\GPGPDingo\GPGPU\Dependencies\FreeImage\Source\LibOpenJPEG\j2k.c(1485): warning C4244: 'function': conversion from '__int64' to 'int', possible loss of data
  j2k_lib.c
  jp2.c
  jpt.c
  mct.c
  mqc.c
C:\Users\stach\Documents\GPGPDingo\GPGPU\Dependencies\FreeImage\Source\LibOpenJPEG\mqc.c(359): warning C4244: 'return': conversion from '__int64' to 'int', possible loss of data
  openjpeg.c
  pi.c
  raw.c
C:\Users\stach\Documents\GPGPDingo\GPGPU\Dependencies\FreeImage\Source\LibOpenJPEG\raw.c(57): warning C4244: 'return': conversion from '__int64' to 'int', possible loss of data
  Generating Code...
  Compiling...
  t1.c
  t2.c
C:\Users\stach\Documents\GPGPDingo\GPGPU\Dependencies\FreeImage\Source\LibOpenJPEG\t2.c(294): warning C4244: 'return': conversion from '__int64' to 'int', possible loss of data
C:\Users\stach\Documents\GPGPDingo\GPGPU\Dependencies\FreeImage\Source\LibOpenJPEG\t2.c(383): warning C4244: 'function': conversion from '__int64' to 'int', possible loss of data
C:\Users\stach\Documents\GPGPDingo\GPGPU\Dependencies\FreeImage\Source\LibOpenJPEG\t2.c(412): warning C4244: '+=': conversion from '__int64' to 'int', possible loss of data
C:\Users\stach\Documents\GPGPDingo\GPGPU\Dependencies\FreeImage\Source\LibOpenJPEG\t2.c(414): warning C4244: 'return': conversion from '__int64' to 'int', possible loss of data
C:\Users\stach\Documents\GPGPDingo\GPGPU\Dependencies\FreeImage\Source\LibOpenJPEG\t2.c(417): warning C4244: '+=': conversion from '__int64' to 'int', possible loss of data
C:\Users\stach\Documents\GPGPDingo\GPGPU\Dependencies\FreeImage\Source\LibOpenJPEG\t2.c(419): warning C4244: 'return': conversion from '__int64' to 'int', possible loss of data
C:\Users\stach\Documents\GPGPDingo\GPGPU\Dependencies\FreeImage\Source\LibOpenJPEG\t2.c(422): warning C4244: 'return': conversion from '__int64' to 'int', possible loss of data
C:\Users\stach\Documents\GPGPDingo\GPGPU\Dependencies\FreeImage\Source\LibOpenJPEG\t2.c(511): warning C4244: '+=': conversion from '__int64' to 'int', possible loss of data
C:\Users\stach\Documents\GPGPDingo\GPGPU\Dependencies\FreeImage\Source\LibOpenJPEG\t2.c(514): warning C4244: '+=': conversion from '__int64' to 'int', possible loss of data
C:\Users\stach\Documents\GPGPDingo\GPGPU\Dependencies\FreeImage\Source\LibOpenJPEG\t2.c(587): warning C4244: 'return': conversion from '__int64' to 'int', possible loss of data
C:\Users\stach\Documents\GPGPDingo\GPGPU\Dependencies\FreeImage\Source\LibOpenJPEG\t2.c(621): warning C4244: 'function': conversion from '__int64' to 'int', possible loss of data
C:\Users\stach\Documents\GPGPDingo\GPGPU\Dependencies\FreeImage\Source\LibOpenJPEG\t2.c(644): warning C4244: 'function': conversion from '__int64' to 'int', possible loss of data
C:\Users\stach\Documents\GPGPDingo\GPGPU\Dependencies\FreeImage\Source\LibOpenJPEG\t2.c(679): warning C4244: 'return': conversion from '__int64' to 'int', possible loss of data
C:\Users\stach\Documents\GPGPDingo\GPGPU\Dependencies\FreeImage\Source\LibOpenJPEG\t2.c(709): warning C4244: 'function': conversion from '__int64' to 'int', possible loss of data
C:\Users\stach\Documents\GPGPDingo\GPGPU\Dependencies\FreeImage\Source\LibOpenJPEG\t2.c(762): warning C4244: 'return': conversion from '__int64' to 'int', possible loss of data
  tcd.c
  tgt.c
  png.c
  pngerror.c
  pnggccrd.c
  pngget.c
  pngmem.c
  pngpread.c
C:\Users\stach\Documents\GPGPDingo\GPGPU\Dependencies\FreeImage\Source\LibPNG\pngpread.c(594): warning C4267: '-=': conversion from 'size_t' to 'png_uint_32', possible loss of data
C:\Users\stach\Documents\GPGPDingo\GPGPU\Dependencies\FreeImage\Source\LibPNG\pngpread.c(610): warning C4267: '-=': conversion from 'size_t' to 'png_uint_32', possible loss of data
C:\Users\stach\Documents\GPGPDingo\GPGPU\Dependencies\FreeImage\Source\LibPNG\pngpread.c(782): warning C4267: '-=': conversion from 'size_t' to 'png_uint_32', possible loss of data
C:\Users\stach\Documents\GPGPDingo\GPGPU\Dependencies\FreeImage\Source\LibPNG\pngpread.c(806): warning C4267: '-=': conversion from 'size_t' to 'png_uint_32', possible loss of data
C:\Users\stach\Documents\GPGPDingo\GPGPU\Dependencies\FreeImage\Source\LibPNG\pngpread.c(1396): warning C4267: 'function': conversion from 'size_t' to 'png_uint_32', possible loss of data
  pngread.c
  pngrio.c
  pngrtran.c
  pngrutil.c
C:\Users\stach\Documents\GPGPDingo\GPGPU\Dependencies\FreeImage\Source\LibPNG\pngrutil.c(262): warning C4267: 'function': conversion from 'size_t' to 'png_uint_32', possible loss of data
C:\Users\stach\Documents\GPGPDingo\GPGPU\Dependencies\FreeImage\Source\LibPNG\pngrutil.c(288): warning C4267: 'function': conversion from 'size_t' to 'png_uint_32', possible loss of data
C:\Users\stach\Documents\GPGPDingo\GPGPU\Dependencies\FreeImage\Source\LibPNG\pngrutil.c(361): warning C4267: 'function': conversion from 'size_t' to 'png_uint_32', possible loss of data
C:\Users\stach\Documents\GPGPDingo\GPGPU\Dependencies\FreeImage\Source\LibPNG\pngrutil.c(1089): warning C4267: '=': conversion from 'size_t' to 'png_uint_32', possible loss of data
C:\Users\stach\Documents\GPGPDingo\GPGPU\Dependencies\FreeImage\Source\LibPNG\pngrutil.c(1187): warning C4267: '=': conversion from 'size_t' to 'int', possible loss of data
C:\Users\stach\Documents\GPGPDingo\GPGPU\Dependencies\FreeImage\Source\LibPNG\pngrutil.c(3209): warning C4267: 'function': conversion from 'size_t' to 'png_uint_32', possible loss of data
C:\Users\stach\Documents\GPGPDingo\GPGPU\Dependencies\FreeImage\Source\LibPNG\pngrutil.c(3211): warning C4267: 'function': conversion from 'size_t' to 'png_uint_32', possible loss of data
C:\Users\stach\Documents\GPGPDingo\GPGPU\Dependencies\FreeImage\Source\LibPNG\pngrutil.c(3213): warning C4267: '=': conversion from 'size_t' to 'png_uint_32', possible loss of data
C:\Users\stach\Documents\GPGPDingo\GPGPU\Dependencies\FreeImage\Source\LibPNG\pngrutil.c(3228): warning C4267: 'function': conversion from 'size_t' to 'png_uint_32', possible loss of data
C:\Users\stach\Documents\GPGPDingo\GPGPU\Dependencies\FreeImage\Source\LibPNG\pngrutil.c(3229): warning C4267: '=': conversion from 'size_t' to 'png_uint_32', possible loss of data
C:\Users\stach\Documents\GPGPDingo\GPGPU\Dependencies\FreeImage\Source\LibPNG\pngrutil.c(3232): warning C4267: '=': conversion from 'size_t' to 'png_uint_32', possible loss of data
  pngset.c
C:\Users\stach\Documents\GPGPDingo\GPGPU\Dependencies\FreeImage\Source\LibPNG\pngset.c(302): warning C4267: '=': conversion from 'size_t' to 'png_uint_32', possible loss of data
C:\Users\stach\Documents\GPGPDingo\GPGPU\Dependencies\FreeImage\Source\LibPNG\pngset.c(319): warning C4267: '=': conversion from 'size_t' to 'png_uint_32', possible loss of data
C:\Users\stach\Documents\GPGPDingo\GPGPU\Dependencies\FreeImage\Source\LibPNG\pngset.c(342): warning C4267: '=': conversion from 'size_t' to 'png_uint_32', possible loss of data
C:\Users\stach\Documents\GPGPDingo\GPGPU\Dependencies\FreeImage\Source\LibPNG\pngset.c(608): warning C4267: '=': conversion from 'size_t' to 'png_uint_32', possible loss of data
C:\Users\stach\Documents\GPGPDingo\GPGPU\Dependencies\FreeImage\Source\LibPNG\pngset.c(929): warning C4267: '=': conversion from 'size_t' to 'png_uint_32', possible loss of data
  pngtrans.c
  pngvcrd.c
  pngwio.c
C:\Users\stach\Documents\GPGPDingo\GPGPU\Dependencies\FreeImage\Source\LibPNG\pngwio.c(60): warning C4267: '=': conversion from 'size_t' to 'png_uint_32', possible loss of data
  pngwrite.c
  pngwtran.c
  Generating Code...
  Compiling...
  pngwutil.c
C:\Users\stach\Documents\GPGPDingo\GPGPU\Dependencies\FreeImage\Source\LibPNG\pngwutil.c(191): warning C4267: '=': conversion from 'size_t' to 'int', possible loss of data
C:\Users\stach\Documents\GPGPDingo\GPGPU\Dependencies\FreeImage\Source\LibPNG\pngwutil.c(1591): warning C4267: '=': conversion from 'size_t' to 'png_uint_32', possible loss of data
  tif_aux.c
C:\Users\stach\Documents\GPGPDingo\GPGPU\Dependencies\FreeImage\Source\LibTIFF\tif_aux.c(41): warning C4267: 'initializing': conversion from 'size_t' to 'tsize_t', possible loss of data
  tif_close.c
  tif_codec.c
  tif_color.c
  tif_compress.c
C:\Users\stach\Documents\GPGPDingo\GPGPU\Dependencies\FreeImage\Source\LibTIFF\tif_compress.c(197): warning C4267: 'function': conversion from 'size_t' to 'tsize_t', possible loss of data
  tif_dir.c
C:\Users\stach\Documents\GPGPDingo\GPGPU\Dependencies\FreeImage\Source\LibTIFF\tif_dir.c(49): warning C4267: 'initializing': conversion from 'size_t' to 'tsize_t', possible loss of data
C:\Users\stach\Documents\GPGPDingo\GPGPU\Dependencies\FreeImage\Source\LibTIFF\tif_dir.c(125): warning C4244: 'return': conversion from '__int64' to 'uint32', possible loss of data
  tif_dirinfo.c
C:\Users\stach\Documents\GPGPDingo\GPGPU\Dependencies\FreeImage\Source\LibTIFF\tif_dirinfo.c(548): warning C4267: 'function': conversion from 'size_t' to 'int', possible loss of data
C:\Users\stach\Documents\GPGPDingo\GPGPU\Dependencies\FreeImage\Source\LibTIFF\tif_dirinfo.c(797): warning C4133: 'function': incompatible types - from 'size_t *' to 'unsigned int *'
C:\Users\stach\Documents\GPGPDingo\GPGPU\Dependencies\FreeImage\Source\LibTIFF\tif_dirinfo.c(795): warning C4996: '_lfind': The POSIX name for this item is deprecated. Instead, use the ISO C and C++ conformant name: _lfind. See online help for details.
  C:\Program Files (x86)\Windows Kits\10\Include\10.0.17134.0\ucrt\corecrt_search.h(74): note: see declaration of '_lfind'
  tif_dirread.c
  tif_dirwrite.c
C:\Users\stach\Documents\GPGPDingo\GPGPU\Dependencies\FreeImage\Source\LibTIFF\tif_dirwrite.c(179): warning C4267: '=': conversion from 'size_t' to 'int', possible loss of data
C:\Users\stach\Documents\GPGPDingo\GPGPU\Dependencies\FreeImage\Source\LibTIFF\tif_dirwrite.c(486): warning C4267: '=': conversion from 'size_t' to 'int', possible loss of data
C:\Users\stach\Documents\GPGPDingo\GPGPU\Dependencies\FreeImage\Source\LibTIFF\tif_dirwrite.c(1167): warning C4334: '<<': result of 32-bit shift implicitly converted to 64 bits (was 64-bit shift intended?)
  tif_dumpmode.c
  tif_error.c
  tif_extension.c
C:\Users\stach\Documents\GPGPDingo\GPGPU\Dependencies\FreeImage\Source\LibTIFF\tif_extension.c(105): warning C4267: 'function': conversion from 'size_t' to 'tsize_t', possible loss of data
  tif_fax3.c
C:\Users\stach\Documents\GPGPDingo\GPGPU\Dependencies\FreeImage\Source\LibTIFF\tif_fax3.c(260): warning C4244: '-=': conversion from '__int64' to 'tsize_t', possible loss of data
C:\Users\stach\Documents\GPGPDingo\GPGPU\Dependencies\FreeImage\Source\LibTIFF\tif_fax3.c(263): warning C4244: '-=': conversion from '__int64' to 'tsize_t', possible loss of data
C:\Users\stach\Documents\GPGPDingo\GPGPU\Dependencies\FreeImage\Source\LibTIFF\tif_fax3.c(313): warning C4244: '-=': conversion from '__int64' to 'tsize_t', possible loss of data
C:\Users\stach\Documents\GPGPDingo\GPGPU\Dependencies\FreeImage\Source\LibTIFF\tif_fax3.c(316): warning C4244: '-=': conversion from '__int64' to 'tsize_t', possible loss of data
C:\Users\stach\Documents\GPGPDingo\GPGPU\Dependencies\FreeImage\Source\LibTIFF\tif_fax3.c(395): warning C4311: 'type cast': pointer truncation from 'unsigned char *' to 'unsigned long'
C:\Users\stach\Documents\GPGPDingo\GPGPU\Dependencies\FreeImage\Source\LibTIFF\tif_fax3.c(430): warning C4311: 'type cast': pointer truncation from 'unsigned char *' to 'unsigned long'
C:\Users\stach\Documents\GPGPDingo\GPGPU\Dependencies\FreeImage\Source\LibTIFF\tif_fax3.c(806): warning C4311: 'type cast': pointer truncation from 'unsigned char *' to 'unsigned long'
C:\Users\stach\Documents\GPGPDingo\GPGPU\Dependencies\FreeImage\Source\LibTIFF\tif_fax3.c(865): warning C4311: 'type cast': pointer truncation from 'unsigned char *' to 'unsigned long'
C:\Users\stach\Documents\GPGPDingo\GPGPU\Dependencies\FreeImage\Source\LibTIFF\tif_fax3.c(940): warning C4311: 'type cast': pointer truncation from 'tidata_t' to 'unsigned long'
C:\Users\stach\Documents\GPGPDingo\GPGPU\Dependencies\FreeImage\Source\LibTIFF\tif_fax3.c(1446): warning C4244: '-=': conversion from '__int64' to 'tsize_t', possible loss of data
C:\Users\stach\Documents\GPGPDingo\GPGPU\Dependencies\FreeImage\Source\LibTIFF\tif_fax3.c(1449): warning C4244: '-=': conversion from '__int64' to 'tsize_t', possible loss of data
C:\Users\stach\Documents\GPGPDingo\GPGPU\Dependencies\FreeImage\Source\LibTIFF\tif_fax3.c(1552): warning C4311: 'type cast': pointer truncation from 'unsigned char *' to 'unsigned long'
C:\Users\stach\Documents\GPGPDingo\GPGPU\Dependencies\FreeImage\Source\LibTIFF\tif_fax3.c(1561): warning C4244: '-=': conversion from '__int64' to 'tsize_t', possible loss of data
C:\Users\stach\Documents\GPGPDingo\GPGPU\Dependencies\FreeImage\Source\LibTIFF\tif_fax3.c(1564): warning C4244: '-=': conversion from '__int64' to 'tsize_t', possible loss of data
  tif_fax3sm.c
  tif_flush.c
  tif_getimage.c
  tif_jpeg.c
C:\Users\stach\Documents\GPGPDingo\GPGPU\Dependencies\FreeImage\Source\LibTIFF\tif_jpeg.c(481): warning C4267: '-=': conversion from 'size_t' to 'uint32', possible loss of data
  tif_luv.c
C:\Users\stach\Documents\GPGPDingo\GPGPU\Dependencies\FreeImage\Source\LibTIFF\tif_luv.c(1167): warning C4267: 'initializing': conversion from 'size_t' to 'uint32', possible loss of data
  tif_lzw.c
  Generating Code...
  Compiling...
  tif_next.c
  tif_ojpeg.c
C:\Users\stach\Documents\GPGPDingo\GPGPU\Dependencies\FreeImage\Source\LibTIFF\tif_ojpeg.c(651): warning C4244: '=': conversion from 'tsample_t' to 'uint8', possible loss of data
C:\Users\stach\Documents\GPGPDingo\GPGPU\Dependencies\FreeImage\Source\LibTIFF\tif_ojpeg.c(1009): warning C4244: '=': conversion from 'uint16' to 'uint8', possible loss of data
  tif_open.c
C:\Users\stach\Documents\GPGPDingo\GPGPU\Dependencies\FreeImage\Source\LibTIFF\tif_open.c(161): warning C4267: 'function': conversion from 'size_t' to 'tsize_t', possible loss of data
C:\Users\stach\Documents\GPGPDingo\GPGPU\Dependencies\FreeImage\Source\LibTIFF\tif_open.c(489): warning C4244: 'return': conversion from 'intptr_t' to 'int', possible loss of data
C:\Users\stach\Documents\GPGPDingo\GPGPU\Dependencies\FreeImage\Source\LibTIFF\tif_open.c(498): warning C4244: 'initializing': conversion from 'intptr_t' to 'int', possible loss of data
  tif_packbits.c
C:\Users\stach\Documents\GPGPDingo\GPGPU\Dependencies\FreeImage\Source\LibTIFF\tif_packbits.c(101): warning C4244: '=': conversion from '__int64' to 'long', possible loss of data
C:\Users\stach\Documents\GPGPDingo\GPGPU\Dependencies\FreeImage\Source\LibTIFF\tif_packbits.c(102): warning C4244: '+=': conversion from '__int64' to 'tsize_t', possible loss of data
C:\Users\stach\Documents\GPGPDingo\GPGPU\Dependencies\FreeImage\Source\LibTIFF\tif_packbits.c(110): warning C4244: '+=': conversion from '__int64' to 'tsize_t', possible loss of data
C:\Users\stach\Documents\GPGPDingo\GPGPU\Dependencies\FreeImage\Source\LibTIFF\tif_packbits.c(186): warning C4244: '+=': conversion from '__int64' to 'tsize_t', possible loss of data
  tif_pixarlog.c
C:\Users\stach\Documents\GPGPDingo\GPGPU\Dependencies\FreeImage\Source\LibTIFF\tif_pixarlog.c(636): warning C4267: 'initializing': conversion from 'size_t' to 'uint32', possible loss of data
  tif_predict.c
  tif_print.c
  tif_read.c
  tif_strip.c
C:\Users\stach\Documents\GPGPDingo\GPGPU\Dependencies\FreeImage\Source\LibTIFF\tif_strip.c(41): warning C4267: 'initializing': conversion from 'size_t' to 'uint32', possible loss of data
C:\Users\stach\Documents\GPGPDingo\GPGPU\Dependencies\FreeImage\Source\LibTIFF\tif_strip.c(54): warning C4267: 'initializing': conversion from 'size_t' to 'uint32', possible loss of data
  tif_swab.c
  tif_thunder.c
  tif_tile.c
C:\Users\stach\Documents\GPGPDingo\GPGPU\Dependencies\FreeImage\Source\LibTIFF\tif_tile.c(41): warning C4267: 'initializing': conversion from 'size_t' to 'uint32', possible loss of data
C:\Users\stach\Documents\GPGPDingo\GPGPU\Dependencies\FreeImage\Source\LibTIFF\tif_tile.c(54): warning C4267: 'initializing': conversion from 'size_t' to 'uint32', possible loss of data
  tif_version.c
  tif_warning.c
  tif_write.c
C:\Users\stach\Documents\GPGPDingo\GPGPU\Dependencies\FreeImage\Source\LibTIFF\tif_write.c(633): warning C4018: '>=': signed/unsigned mismatch
  tif_zip.c
  adler32.c
  compress.c
  crc32.c
  deflate.c
  Generating Code...
  Compiling...
  gzio.c
  infback.c
  inffast.c
  inflate.c
  inftrees.c
  trees.c
  uncompr.c
  zutil.c
  Generating Code...
  FreeImage.vcxproj -> C:\Users\stach\Documents\GPGPDingo\GPGPU\build\Dependencies\FreeImage\Debug\FreeImage.lib
