  Building Custom Rule C:/Users/stach/Documents/GPGPDingo/GPGPU/Dependencies/freeglut/CMakeLists.txt
  CMake does not need to re-run because C:/Users/stach/Documents/GPGPDingo/GPGPU/build/Dependencies/freeglut/CMakeFiles/generate.stamp is up-to-date.
  freeglut_callbacks.c
  freeglut_cursor.c
  freeglut_display.c
  freeglut_ext.c
  freeglut_font_data.c
  freeglut_font.c
  freeglut_gamemode.c
  freeglut_geometry.c
  freeglut_glutfont_definitions.c
  freeglut_init.c
  freeglut_input_devices.c
  freeglut_joystick.c
  freeglut_main.c
C:\Users\stach\Documents\GPGPDingo\GPGPU\Dependencies\freeglut\src\freeglut_main.c(84): warning C4312: 'type cast': conversion from 'unsigned int' to 'pGetTouchInputInfo' of greater size
C:\Users\stach\Documents\GPGPDingo\GPGPU\Dependencies\freeglut\src\freeglut_main.c(85): warning C4312: 'type cast': conversion from 'unsigned int' to 'pCloseTouchInputHandle' of greater size
C:\Users\stach\Documents\GPGPDingo\GPGPU\Dependencies\freeglut\src\freeglut_main.c(2555): warning C4312: 'type cast': conversion from 'unsigned int' to 'pGetTouchInputInfo' of greater size
  freeglut_menu.c
  freeglut_misc.c
  freeglut_overlay.c
  freeglut_spaceball.c
  freeglut_state.c
  freeglut_stroke_mono_roman.c
  freeglut_stroke_roman.c
  Generating Code...
  Compiling...
  freeglut_structure.c
C:\Users\stach\Documents\GPGPDingo\GPGPU\Dependencies\freeglut\src\freeglut_structure.c(539): warning C4311: 'type cast': pointer truncation from 'void *' to 'int'
C:\Users\stach\Documents\GPGPDingo\GPGPU\Dependencies\freeglut\src\freeglut_structure.c(558): warning C4312: 'type cast': conversion from 'int' to 'void *' of greater size
  freeglut_teapot.c
  freeglut_videoresize.c
  freeglut_window.c
C:\Users\stach\Documents\GPGPDingo\GPGPU\Dependencies\freeglut\src\freeglut_window.c(146): warning C4312: 'type cast': conversion from 'unsigned int' to 'pRegisterTouchWindow' of greater size
  fgSetupPixelFormat(): there is still some work to do here!
C:\Users\stach\Documents\GPGPDingo\GPGPU\Dependencies\freeglut\src\freeglut_window.c(1451): warning C4312: 'type cast': conversion from 'unsigned int' to 'pRegisterTouchWindow' of greater size
  Generating Code...
  freeglut.vcxproj -> C:\Users\stach\Documents\GPGPDingo\GPGPU\build\Dependencies\freeglut\Debug\freeglut.lib
