c:\users\stach\documents\gpgpdingo\gpgpu\build\dependencies\freeglut\freeglut.dir\debug\freeglut.pdb
c:\users\stach\documents\gpgpdingo\gpgpu\build\dependencies\freeglut\freeglut.dir\debug\freeglut_stroke_roman.obj
c:\users\stach\documents\gpgpdingo\gpgpu\build\dependencies\freeglut\freeglut.dir\debug\freeglut_stroke_mono_roman.obj
c:\users\stach\documents\gpgpdingo\gpgpu\build\dependencies\freeglut\freeglut.dir\debug\freeglut_state.obj
c:\users\stach\documents\gpgpdingo\gpgpu\build\dependencies\freeglut\freeglut.dir\debug\freeglut_spaceball.obj
c:\users\stach\documents\gpgpdingo\gpgpu\build\dependencies\freeglut\freeglut.dir\debug\freeglut_overlay.obj
c:\users\stach\documents\gpgpdingo\gpgpu\build\dependencies\freeglut\freeglut.dir\debug\freeglut_misc.obj
c:\users\stach\documents\gpgpdingo\gpgpu\build\dependencies\freeglut\freeglut.dir\debug\freeglut_menu.obj
c:\users\stach\documents\gpgpdingo\gpgpu\build\dependencies\freeglut\freeglut.dir\debug\freeglut_main.obj
c:\users\stach\documents\gpgpdingo\gpgpu\build\dependencies\freeglut\freeglut.dir\debug\freeglut_joystick.obj
c:\users\stach\documents\gpgpdingo\gpgpu\build\dependencies\freeglut\freeglut.dir\debug\freeglut_input_devices.obj
c:\users\stach\documents\gpgpdingo\gpgpu\build\dependencies\freeglut\freeglut.dir\debug\freeglut_init.obj
c:\users\stach\documents\gpgpdingo\gpgpu\build\dependencies\freeglut\freeglut.dir\debug\freeglut_glutfont_definitions.obj
c:\users\stach\documents\gpgpdingo\gpgpu\build\dependencies\freeglut\freeglut.dir\debug\freeglut_geometry.obj
c:\users\stach\documents\gpgpdingo\gpgpu\build\dependencies\freeglut\freeglut.dir\debug\freeglut_gamemode.obj
c:\users\stach\documents\gpgpdingo\gpgpu\build\dependencies\freeglut\freeglut.dir\debug\freeglut_font.obj
c:\users\stach\documents\gpgpdingo\gpgpu\build\dependencies\freeglut\freeglut.dir\debug\freeglut_font_data.obj
c:\users\stach\documents\gpgpdingo\gpgpu\build\dependencies\freeglut\freeglut.dir\debug\freeglut_ext.obj
c:\users\stach\documents\gpgpdingo\gpgpu\build\dependencies\freeglut\freeglut.dir\debug\freeglut_display.obj
c:\users\stach\documents\gpgpdingo\gpgpu\build\dependencies\freeglut\freeglut.dir\debug\freeglut_cursor.obj
c:\users\stach\documents\gpgpdingo\gpgpu\build\dependencies\freeglut\freeglut.dir\debug\freeglut_callbacks.obj
c:\users\stach\documents\gpgpdingo\gpgpu\build\dependencies\freeglut\freeglut.dir\debug\freeglut_window.obj
c:\users\stach\documents\gpgpdingo\gpgpu\build\dependencies\freeglut\freeglut.dir\debug\freeglut_videoresize.obj
c:\users\stach\documents\gpgpdingo\gpgpu\build\dependencies\freeglut\freeglut.dir\debug\freeglut_teapot.obj
c:\users\stach\documents\gpgpdingo\gpgpu\build\dependencies\freeglut\freeglut.dir\debug\freeglut_structure.obj
c:\users\stach\documents\gpgpdingo\gpgpu\build\dependencies\freeglut\cmakefiles\generate.stamp
c:\users\stach\documents\gpgpdingo\gpgpu\build\dependencies\freeglut\debug\freeglut.lib
c:\users\stach\documents\gpgpdingo\gpgpu\build\dependencies\freeglut\debug\freeglut.pdb
c:\users\stach\documents\gpgpdingo\gpgpu\build\dependencies\freeglut\freeglut.dir\debug\freeglut.tlog\cl.command.1.tlog
c:\users\stach\documents\gpgpdingo\gpgpu\build\dependencies\freeglut\freeglut.dir\debug\freeglut.tlog\cl.read.1.tlog
c:\users\stach\documents\gpgpdingo\gpgpu\build\dependencies\freeglut\freeglut.dir\debug\freeglut.tlog\cl.write.1.tlog
c:\users\stach\documents\gpgpdingo\gpgpu\build\dependencies\freeglut\freeglut.dir\debug\freeglut.tlog\custombuild.command.1.tlog
c:\users\stach\documents\gpgpdingo\gpgpu\build\dependencies\freeglut\freeglut.dir\debug\freeglut.tlog\custombuild.read.1.tlog
c:\users\stach\documents\gpgpdingo\gpgpu\build\dependencies\freeglut\freeglut.dir\debug\freeglut.tlog\custombuild.write.1.tlog
c:\users\stach\documents\gpgpdingo\gpgpu\build\dependencies\freeglut\freeglut.dir\debug\freeglut.tlog\lib-link.read.1.tlog
c:\users\stach\documents\gpgpdingo\gpgpu\build\dependencies\freeglut\freeglut.dir\debug\freeglut.tlog\lib-link.write.1.tlog
c:\users\stach\documents\gpgpdingo\gpgpu\build\dependencies\freeglut\freeglut.dir\debug\freeglut.tlog\lib.command.1.tlog
