c:\users\stach\documents\gpgpdingo\gpgpu\build\a10_cuda_opencl_interop\debug\a10_cuda_opencl_interop.lib
c:\users\stach\documents\gpgpdingo\gpgpu\build\a10_cuda_opencl_interop\debug\a10_cuda_opencl_interop.exp
c:\users\stach\documents\gpgpdingo\gpgpu\build\a10_cuda_opencl_interop\a10_cuda_opencl_interop.dir\debug\vc140.pdb
c:\users\stach\documents\gpgpdingo\gpgpu\build\a10_cuda_opencl_interop\a10_cuda_opencl_interop.dir\debug\main.obj
c:\users\stach\documents\gpgpdingo\gpgpu\build\a10_cuda_opencl_interop\cmakefiles\generate.stamp
c:\users\stach\documents\gpgpdingo\gpgpu\build\a10_cuda_opencl_interop\debug\a10_cuda_opencl_interop.ilk
c:\users\stach\documents\gpgpdingo\gpgpu\build\a10_cuda_opencl_interop\debug\a10_cuda_opencl_interop.exe
c:\users\stach\documents\gpgpdingo\gpgpu\build\a10_cuda_opencl_interop\debug\a10_cuda_opencl_interop.pdb
c:\users\stach\documents\gpgpdingo\gpgpu\build\a10_cuda_opencl_interop\a10_cuda_opencl_interop.dir\debug\a10_cuda_opencl_interop.vcxprojassemblyreference.cache
c:\users\stach\documents\gpgpdingo\gpgpu\build\a10_cuda_opencl_interop\a10_cuda_opencl_interop.dir\debug\cudaopencv.cu.cache
c:\users\stach\documents\gpgpdingo\gpgpu\build\a10_cuda_opencl_interop\a10_cuda_opencl_interop.dir\debug\cudaopencv.cu.obj
c:\users\stach\documents\gpgpdingo\gpgpu\build\a10_cuda_opencl_interop\a10_cuda_opencl_interop.dir\debug\cudaopencv.obj
c:\users\stach\documents\gpgpdingo\gpgpu\build\a10_cuda_opencl_interop\a10_cuda_opencl_interop.dir\debug\a10_cuda.72b1f7fa.tlog\a10_cuda_opencl_interop.write.1u.tlog
c:\users\stach\documents\gpgpdingo\gpgpu\build\a10_cuda_opencl_interop\a10_cuda_opencl_interop.dir\debug\a10_cuda.72b1f7fa.tlog\cl.command.1.tlog
c:\users\stach\documents\gpgpdingo\gpgpu\build\a10_cuda_opencl_interop\a10_cuda_opencl_interop.dir\debug\a10_cuda.72b1f7fa.tlog\cl.read.1.tlog
c:\users\stach\documents\gpgpdingo\gpgpu\build\a10_cuda_opencl_interop\a10_cuda_opencl_interop.dir\debug\a10_cuda.72b1f7fa.tlog\cl.write.1.tlog
c:\users\stach\documents\gpgpdingo\gpgpu\build\a10_cuda_opencl_interop\a10_cuda_opencl_interop.dir\debug\a10_cuda.72b1f7fa.tlog\custombuild.command.1.tlog
c:\users\stach\documents\gpgpdingo\gpgpu\build\a10_cuda_opencl_interop\a10_cuda_opencl_interop.dir\debug\a10_cuda.72b1f7fa.tlog\custombuild.read.1.tlog
c:\users\stach\documents\gpgpdingo\gpgpu\build\a10_cuda_opencl_interop\a10_cuda_opencl_interop.dir\debug\a10_cuda.72b1f7fa.tlog\custombuild.write.1.tlog
c:\users\stach\documents\gpgpdingo\gpgpu\build\a10_cuda_opencl_interop\a10_cuda_opencl_interop.dir\debug\a10_cuda.72b1f7fa.tlog\link.command.1.tlog
c:\users\stach\documents\gpgpdingo\gpgpu\build\a10_cuda_opencl_interop\a10_cuda_opencl_interop.dir\debug\a10_cuda.72b1f7fa.tlog\link.read.1.tlog
c:\users\stach\documents\gpgpdingo\gpgpu\build\a10_cuda_opencl_interop\a10_cuda_opencl_interop.dir\debug\a10_cuda.72b1f7fa.tlog\link.write.1.tlog
