c:\users\stach\documents\gpgpdingo\gpgpu\build\dependencies\anttweakbar\anttweakbar.dir\debug\anttweakbar.pdb
c:\users\stach\documents\gpgpdingo\gpgpu\build\dependencies\anttweakbar\anttweakbar.dir\debug\loadoglcore.obj
c:\users\stach\documents\gpgpdingo\gpgpu\build\dependencies\anttweakbar\anttweakbar.dir\debug\twopenglcore.obj
c:\users\stach\documents\gpgpdingo\gpgpu\build\dependencies\anttweakbar\anttweakbar.dir\debug\loadogl.obj
c:\users\stach\documents\gpgpdingo\gpgpu\build\dependencies\anttweakbar\anttweakbar.dir\debug\twopengl.obj
c:\users\stach\documents\gpgpdingo\gpgpu\build\dependencies\anttweakbar\anttweakbar.dir\debug\twbar.obj
c:\users\stach\documents\gpgpdingo\gpgpu\build\dependencies\anttweakbar\anttweakbar.dir\debug\twcolors.obj
c:\users\stach\documents\gpgpdingo\gpgpu\build\dependencies\anttweakbar\anttweakbar.dir\debug\twfonts.obj
c:\users\stach\documents\gpgpdingo\gpgpu\build\dependencies\anttweakbar\anttweakbar.dir\debug\twmgr.obj
c:\users\stach\documents\gpgpdingo\gpgpu\build\dependencies\anttweakbar\anttweakbar.dir\debug\twprecomp.obj
c:\users\stach\documents\gpgpdingo\gpgpu\build\dependencies\anttweakbar\anttweakbar.dir\debug\tweventglut.obj
c:\users\stach\documents\gpgpdingo\gpgpu\build\dependencies\anttweakbar\cmakefiles\generate.stamp
c:\users\stach\documents\gpgpdingo\gpgpu\build\dependencies\anttweakbar\debug\anttweakbar.lib
c:\users\stach\documents\gpgpdingo\gpgpu\build\dependencies\anttweakbar\anttweakbar.dir\debug\anttweakbar.vcxprojassemblyreference.cache
c:\users\stach\documents\gpgpdingo\gpgpu\build\dependencies\anttweakbar\debug\anttweakbar.pdb
c:\users\stach\documents\gpgpdingo\gpgpu\build\dependencies\anttweakbar\anttweakbar.dir\debug\anttweakbar.tlog\cl.command.1.tlog
c:\users\stach\documents\gpgpdingo\gpgpu\build\dependencies\anttweakbar\anttweakbar.dir\debug\anttweakbar.tlog\cl.read.1.tlog
c:\users\stach\documents\gpgpdingo\gpgpu\build\dependencies\anttweakbar\anttweakbar.dir\debug\anttweakbar.tlog\cl.write.1.tlog
c:\users\stach\documents\gpgpdingo\gpgpu\build\dependencies\anttweakbar\anttweakbar.dir\debug\anttweakbar.tlog\custombuild.command.1.tlog
c:\users\stach\documents\gpgpdingo\gpgpu\build\dependencies\anttweakbar\anttweakbar.dir\debug\anttweakbar.tlog\custombuild.read.1.tlog
c:\users\stach\documents\gpgpdingo\gpgpu\build\dependencies\anttweakbar\anttweakbar.dir\debug\anttweakbar.tlog\custombuild.write.1.tlog
c:\users\stach\documents\gpgpdingo\gpgpu\build\dependencies\anttweakbar\anttweakbar.dir\debug\anttweakbar.tlog\lib-link.read.1.tlog
c:\users\stach\documents\gpgpdingo\gpgpu\build\dependencies\anttweakbar\anttweakbar.dir\debug\anttweakbar.tlog\lib-link.write.1.tlog
c:\users\stach\documents\gpgpdingo\gpgpu\build\dependencies\anttweakbar\anttweakbar.dir\debug\anttweakbar.tlog\lib.command.1.tlog
